## Generated by a SonarScanner
#Tue Jan 02 17:05:20 SGT 2024
apple.awt.application.name=Main
file.encoding=UTF-8
file.separator=/
ftp.nonProxyHosts=local|*.local|169.254/16|*.169.254/16
http.nonProxyHosts=local|*.local|169.254/16|*.169.254/16
java.awt.headless=true
java.class.path=/opt/homebrew/Cellar/sonar-scanner/5.0.1.3006/libexec/lib/sonar-scanner-cli-5.0.1.3006.jar
java.class.version=65.0
java.home=/opt/homebrew/Cellar/openjdk/21.0.1/libexec/openjdk.jdk/Contents/Home
java.io.tmpdir=/var/folders/zd/hndvk11s30jcj4_yy_6c1qq40000gq/T/
java.library.path=/Users/basharath.ali/Library/Java/Extensions\:/Library/Java/Extensions\:/Network/Library/Java/Extensions\:/System/Library/Java/Extensions\:/usr/lib/java\:.
java.runtime.name=OpenJDK Runtime Environment
java.runtime.version=21.0.1
java.specification.name=Java Platform API Specification
java.specification.vendor=Oracle Corporation
java.specification.version=21
java.vendor=Homebrew
java.vendor.url=https\://github.com/Homebrew/homebrew-core/issues
java.vendor.url.bug=https\://github.com/Homebrew/homebrew-core/issues
java.vendor.version=Homebrew
java.version=21.0.1
java.version.date=2023-10-17
java.vm.compressedOopsMode=Zero based
java.vm.info=mixed mode, sharing
java.vm.name=OpenJDK 64-Bit Server VM
java.vm.specification.name=Java Virtual Machine Specification
java.vm.specification.vendor=Oracle Corporation
java.vm.specification.version=21
java.vm.vendor=Homebrew
java.vm.version=21.0.1
jdk.debug=release
line.separator=\n
native.encoding=UTF-8
os.arch=aarch64
os.name=Mac OS X
os.version=14.2.1
path.separator=\:
s\#onar.host.url=http\://localhost\:9900
scanner.home=/opt/homebrew/Cellar/sonar-scanner/5.0.1.3006/libexec
socksNonProxyHosts=local|*.local|169.254/16|*.169.254/16
sonar.exclusions=subjects/00-Intro-to-JS/loop.js
sonar.host.url=http\://localhost\:9900
sonar.inclusions=subjects/00-Intro-to-JS/loop.js
sonar.login=sqp_6a622afa91862d85a725b9b7310cfab352503419
sonar.projectBaseDir=/Applications/Sonar/source-code/js-learning
sonar.projectKey=js-learning
sonar.projectName=Javascript Learning - Onboarding Exercise
sonar.scanner.app=ScannerCLI
sonar.scanner.appVersion=5.0.1.3006
sonar.scanner.dumpToFile=dumpToFile.log
sonar.sourceEncoding=UTF-8
sonar.sources=.
sonar.working.directory=/Applications/Sonar/source-code/js-learning/.scannerwork
stderr.encoding=UTF-8
stdout.encoding=UTF-8
sun.arch.data.model=64
sun.boot.library.path=/opt/homebrew/Cellar/openjdk/21.0.1/libexec/openjdk.jdk/Contents/Home/lib
sun.cpu.endian=little
sun.io.unicode.encoding=UnicodeBig
sun.java.command=org.sonarsource.scanner.cli.Main -Dsonar.exclusions\=subjects/00-Intro-to-JS/loop.js -Dsonar.scanner.dumpToFile\=dumpToFile.log
sun.java.launcher=SUN_STANDARD
sun.jnu.encoding=UTF-8
sun.management.compiler=HotSpot 64-Bit Tiered Compilers
user.country=SG
user.dir=/Applications/Sonar/source-code/js-learning
user.home=/Users/basharath.ali
user.language=en
user.name=basharath.ali
