INFO: Scanner configuration file: /opt/homebrew/Cellar/sonar-scanner/5.0.1.3006/libexec/conf/sonar-scanner.properties
INFO: Project root configuration file: /Applications/Sonar/source-code/js-learning/sonar-project.properties
INFO: SonarScanner 5.0.1.3006
INFO: Java 21.0.1 Homebrew (64-bit)
INFO: Mac OS X 13.6.2 aarch64
INFO: User cache: /Users/basharath.ali/.sonar/cache
INFO: Analyzing on SonarQube server 9.9.3.79811
INFO: Default locale: "en_SG", source code encoding: "UTF-8" (analysis is platform dependent)
INFO: Load global settings
INFO: Load global settings (done) | time=38ms
INFO: Server id: 3FC1A50E-AYx653fqJicNDHivVv6F
INFO: User cache: /Users/basharath.ali/.sonar/cache
INFO: Load/download plugins
INFO: Load plugins index
INFO: Load plugins index (done) | time=26ms
INFO: Load/download plugins (done) | time=154ms
INFO: Loaded core extensions: developer-scanner
INFO: Process project properties
INFO: Process project properties (done) | time=3ms
INFO: Execute project builders
INFO: Execute project builders (done) | time=0ms
INFO: Project key: js-learning
INFO: Base dir: /Applications/Sonar/source-code/js-learning
INFO: Working dir: /Applications/Sonar/source-code/js-learning/.scannerwork
INFO: Load project settings for component key: 'js-learning'
INFO: Load project settings for component key: 'js-learning' (done) | time=16ms
INFO: Load project branches
INFO: Load project branches (done) | time=21ms
INFO: Load branch configuration
INFO: Found manual configuration of branch/PR analysis. Skipping automatic configuration.
INFO: Load branch configuration (done) | time=1ms
INFO: Load quality profiles
INFO: Load quality profiles (done) | time=41ms
INFO: Load active rules
INFO: Load active rules (done) | time=1355ms
INFO: Load analysis cache
INFO: Load analysis cache | time=10ms
INFO: Branch name: mybranch
INFO: Load project repositories
INFO: Load project repositories (done) | time=12ms
INFO: Indexing files...
INFO: Project configuration:
INFO: 22 files indexed
INFO: 0 files ignored because of scm ignore settings
INFO: Quality profile for js: Sonar way
INFO: Quality profile for json: Sonar way
INFO: Quality profile for tsql: Sonar way
INFO: Quality profile for web: Sonar way
INFO: ------------- Run sensors on module js-learning
INFO: Load metrics repository
INFO: Load metrics repository (done) | time=11ms
INFO: Sensor IaC CloudFormation Sensor [iac]
INFO: 0 source files to be analyzed
INFO: 0/0 source files have been analyzed
INFO: Sensor IaC CloudFormation Sensor [iac] (done) | time=8ms
INFO: Sensor IaC Kubernetes Sensor [iac]
INFO: 0 source files to be analyzed
INFO: 0/0 source files have been analyzed
INFO: Sensor IaC Kubernetes Sensor [iac] (done) | time=2ms
INFO: Sensor C# Project Type Information [csharp]
INFO: Sensor C# Project Type Information [csharp] (done) | time=0ms
INFO: Sensor C# Analysis Log [csharp]
INFO: Sensor C# Analysis Log [csharp] (done) | time=6ms
INFO: Sensor C# Properties [csharp]
INFO: Sensor C# Properties [csharp] (done) | time=0ms
INFO: Sensor HTML [web]
INFO: Sensor HTML [web] (done) | time=34ms
INFO: Sensor TextAndSecretsSensor [text]
INFO: 13 source files to be analyzed
INFO: 13/13 source files have been analyzed
INFO: Sensor TextAndSecretsSensor [text] (done) | time=12ms
INFO: Sensor VB.NET Project Type Information [vbnet]
INFO: Sensor VB.NET Project Type Information [vbnet] (done) | time=1ms
INFO: Sensor VB.NET Analysis Log [vbnet]
INFO: Sensor VB.NET Analysis Log [vbnet] (done) | time=6ms
INFO: Sensor VB.NET Properties [vbnet]
INFO: Sensor VB.NET Properties [vbnet] (done) | time=0ms
INFO: Sensor JaCoCo XML Report Importer [jacoco]
INFO: 'sonar.coverage.jacoco.xmlReportPaths' is not defined. Using default locations: target/site/jacoco/jacoco.xml,target/site/jacoco-it/jacoco.xml,build/reports/jacoco/test/jacocoTestReport.xml
INFO: No report imported, no coverage information will be imported by JaCoCo XML Report Importer
INFO: Sensor JaCoCo XML Report Importer [jacoco] (done) | time=0ms
INFO: Sensor T-SQL Sensor [tsql]
INFO: 1 source files to be analyzed
INFO: 1/1 files, last analyzed (13 ms): b.sql
INFO: Sensor T-SQL Sensor [tsql] (done) | time=22ms
INFO: Sensor JavaScript analysis [javascript]
INFO: 9 source files to be analyzed
INFO: 9/9 source files have been analyzed
INFO: Hit the cache for 0 out of 9
INFO: Miss the cache for 9 out of 9: ANALYSIS_MODE_INELIGIBLE [9/9]
INFO: Sensor JavaScript analysis [javascript] (done) | time=5211ms
INFO: Sensor TypeScript analysis [javascript]
INFO: No input files found for analysis
INFO: Hit the cache for 0 out of 0
INFO: Miss the cache for 0 out of 0
INFO: Sensor TypeScript analysis [javascript] (done) | time=0ms
INFO: Sensor CSS Rules [javascript]
INFO: 2 source files to be analyzed
INFO: 2/2 source files have been analyzed
INFO: Hit the cache for 0 out of 0
INFO: Miss the cache for 0 out of 0
INFO: Sensor CSS Rules [javascript] (done) | time=60ms
INFO: Sensor ThymeLeaf template sensor [securityjavafrontend]
INFO: Sensor ThymeLeaf template sensor [securityjavafrontend] (done) | time=1ms
INFO: Sensor IaC Docker Sensor [iac]
INFO: 0 source files to be analyzed
INFO: 0/0 source files have been analyzed
INFO: Sensor IaC Docker Sensor [iac] (done) | time=25ms
INFO: Sensor Serverless configuration file sensor [security]
INFO: 0 Serverless function entries were found in the project
INFO: 0 Serverless function handlers were kept as entrypoints
INFO: Sensor Serverless configuration file sensor [security] (done) | time=2ms
INFO: Sensor AWS SAM template file sensor [security]
INFO: Sensor AWS SAM template file sensor [security] (done) | time=0ms
INFO: Sensor AWS SAM Inline template file sensor [security]
INFO: Sensor AWS SAM Inline template file sensor [security] (done) | time=0ms
INFO: Sensor javabugs [dbd]
INFO: Reading IR files from: /Applications/Sonar/source-code/js-learning/.scannerwork/ir/java
INFO: No IR files have been included for analysis.
INFO: Sensor javabugs [dbd] (done) | time=1ms
INFO: Sensor pythonbugs [dbd]
INFO: Reading IR files from: /Applications/Sonar/source-code/js-learning/.scannerwork/ir/python
INFO: No IR files have been included for analysis.
INFO: Sensor pythonbugs [dbd] (done) | time=1ms
INFO: Sensor JavaSecuritySensor [security]
INFO: Reading type hierarchy from: /Applications/Sonar/source-code/js-learning/.scannerwork/ucfg2/java
INFO: Read 0 type definitions
INFO: No UCFGs have been included for analysis.
INFO: Sensor JavaSecuritySensor [security] (done) | time=1ms
INFO: Sensor CSharpSecuritySensor [security]
INFO: Reading type hierarchy from: /Applications/Sonar/source-code/js-learning/ucfg_cs2
INFO: Read 0 type definitions
INFO: No UCFGs have been included for analysis.
INFO: Sensor CSharpSecuritySensor [security] (done) | time=0ms
INFO: Sensor PhpSecuritySensor [security]
INFO: Reading type hierarchy from: /Applications/Sonar/source-code/js-learning/.scannerwork/ucfg2/php
INFO: Read 0 type definitions
INFO: No UCFGs have been included for analysis.
INFO: Sensor PhpSecuritySensor [security] (done) | time=0ms
INFO: Sensor PythonSecuritySensor [security]
INFO: Reading type hierarchy from: /Applications/Sonar/source-code/js-learning/.scannerwork/ucfg2/python
INFO: Read 0 type definitions
INFO: No UCFGs have been included for analysis.
INFO: Sensor PythonSecuritySensor [security] (done) | time=0ms
INFO: Sensor JsSecuritySensor [security]
INFO: Reading type hierarchy from: /Applications/Sonar/source-code/js-learning/.scannerwork/ucfg2/js
INFO: Read 0 type definitions
INFO: Reading UCFGs from: /Applications/Sonar/source-code/js-learning/.scannerwork/ucfg2/js
INFO: 14:02:26.589052 Building Runtime Type propagation graph
INFO: 14:02:26.591459 Running Tarjan on 118 nodes
INFO: 14:02:26.591994 Tarjan found 118 components
INFO: 14:02:26.592662 Variable type analysis: done
INFO: 14:02:26.593722 Building Runtime Type propagation graph
INFO: 14:02:26.595043 Running Tarjan on 118 nodes
INFO: 14:02:26.595187 Tarjan found 118 components
INFO: 14:02:26.595364 Variable type analysis: done
INFO: Analyzing 21 ucfgs to detect vulnerabilities.
INFO: Taint analysis starting. Entrypoints: 10
INFO: Running symbolic analysis for 'JS'
INFO: Taint analysis: done.
INFO: Sensor JsSecuritySensor [security] (done) | time=518ms
INFO: ------------- Run sensors on project
INFO: Sensor Analysis Warnings import [csharp]
INFO: Sensor Analysis Warnings import [csharp] (done) | time=0ms
INFO: Sensor Zero Coverage Sensor
INFO: Sensor Zero Coverage Sensor (done) | time=4ms
INFO: CPD Executor 3 files had no CPD blocks
INFO: CPD Executor Calculating CPD for 9 files
INFO: CPD Executor CPD calculation finished (done) | time=3ms
INFO: Load New Code definition
INFO: Load New Code definition (done) | time=15ms
INFO: Analysis report generated in 57ms, dir size=242.0 kB
INFO: Analysis report compressed in 31ms, zip size=62.6 kB
INFO: Analysis report uploaded in 24ms
INFO: ANALYSIS SUCCESSFUL, you can find the results at: http://localhost:9900/dashboard?id=js-learning&branch=mybranch
INFO: Note that you will be able to access the updated dashboard once the server has processed the submitted analysis report
INFO: More about the report processing at http://localhost:9900/api/ce/task?id=AYyK99YGJicNDHivV9wW
INFO: Time spent writing ucfgs 15ms
INFO: Analysis total time: 16.673 s
INFO: ------------------------------------------------------------------------
INFO: EXECUTION SUCCESS
INFO: ------------------------------------------------------------------------
INFO: Total time: 17.447s
INFO: Final Memory: 74M/194M
INFO: ------------------------------------------------------------------------
